The system is: Darwin - 11.4.2 - x86_64
Compiling the CXX compiler identification source file "CMakeCXXCompilerId.cpp" succeeded.
Compiler: /usr/bin/c++ 
Build flags: 
Id flags: 

The output was:
0


Compilation of the CXX compiler identification source "CMakeCXXCompilerId.cpp" produced "a.out"

The CXX compiler identification is GNU, found in "/Users/danielmendelsohn/opencv-2.4.10/build/CMakeFiles/3.1.0/CompilerIdCXX/a.out"

Compiling the C compiler identification source file "CMakeCCompilerId.c" succeeded.
Compiler: /usr/bin/cc 
Build flags: 
Id flags: 

The output was:
0


Compilation of the C compiler identification source "CMakeCCompilerId.c" produced "a.out"

The C compiler identification is GNU, found in "/Users/danielmendelsohn/opencv-2.4.10/build/CMakeFiles/3.1.0/CompilerIdC/a.out"

Determining if the CXX compiler works passed with the following output:
Change Dir: /Users/danielmendelsohn/opencv-2.4.10/build/CMakeFiles/CMakeTmp

Run Build Command:"/usr/bin/make" "cmTryCompileExec3696861075/fast"
/usr/bin/make -f CMakeFiles/cmTryCompileExec3696861075.dir/build.make CMakeFiles/cmTryCompileExec3696861075.dir/build
/usr/local/Cellar/cmake/3.1.0/bin/cmake -E cmake_progress_report /Users/danielmendelsohn/opencv-2.4.10/build/CMakeFiles/CMakeTmp/CMakeFiles 1
Building CXX object CMakeFiles/cmTryCompileExec3696861075.dir/testCXXCompiler.cxx.o
/usr/bin/c++     -o CMakeFiles/cmTryCompileExec3696861075.dir/testCXXCompiler.cxx.o -c /Users/danielmendelsohn/opencv-2.4.10/build/CMakeFiles/CMakeTmp/testCXXCompiler.cxx
Linking CXX executable cmTryCompileExec3696861075
/usr/local/Cellar/cmake/3.1.0/bin/cmake -E cmake_link_script CMakeFiles/cmTryCompileExec3696861075.dir/link.txt --verbose=1
/usr/bin/c++     -Wl,-search_paths_first -Wl,-headerpad_max_install_names  CMakeFiles/cmTryCompileExec3696861075.dir/testCXXCompiler.cxx.o  -o cmTryCompileExec3696861075  


Detecting CXX compiler ABI info compiled with the following output:
Change Dir: /Users/danielmendelsohn/opencv-2.4.10/build/CMakeFiles/CMakeTmp

Run Build Command:"/usr/bin/make" "cmTryCompileExec3249725337/fast"
/usr/bin/make -f CMakeFiles/cmTryCompileExec3249725337.dir/build.make CMakeFiles/cmTryCompileExec3249725337.dir/build
/usr/local/Cellar/cmake/3.1.0/bin/cmake -E cmake_progress_report /Users/danielmendelsohn/opencv-2.4.10/build/CMakeFiles/CMakeTmp/CMakeFiles 1
Building CXX object CMakeFiles/cmTryCompileExec3249725337.dir/CMakeCXXCompilerABI.cpp.o
/usr/bin/c++     -o CMakeFiles/cmTryCompileExec3249725337.dir/CMakeCXXCompilerABI.cpp.o -c /usr/local/Cellar/cmake/3.1.0/share/cmake/Modules/CMakeCXXCompilerABI.cpp
Linking CXX executable cmTryCompileExec3249725337
/usr/local/Cellar/cmake/3.1.0/bin/cmake -E cmake_link_script CMakeFiles/cmTryCompileExec3249725337.dir/link.txt --verbose=1
/usr/bin/c++     -Wl,-search_paths_first -Wl,-headerpad_max_install_names -v -Wl,-v CMakeFiles/cmTryCompileExec3249725337.dir/CMakeCXXCompilerABI.cpp.o  -o cmTryCompileExec3249725337   
Using built-in specs.
Target: i686-apple-darwin11
Configured with: /private/var/tmp/llvmgcc42/llvmgcc42-2336.1~1/src/configure --disable-checking --enable-werror --prefix=/Developer/usr/llvm-gcc-4.2 --mandir=/share/man --enable-languages=c,objc,c++,obj-c++ --program-prefix=llvm- --program-transform-name=/^[cg][^.-]*$/s/$/-4.2/ --with-slibdir=/usr/lib --build=i686-apple-darwin11 --enable-llvm=/private/var/tmp/llvmgcc42/llvmgcc42-2336.1~1/dst-llvmCore/Developer/usr/local --program-prefix=i686-apple-darwin11- --host=x86_64-apple-darwin11 --target=i686-apple-darwin11 --with-gxx-include-dir=/usr/include/c++/4.2.1
Thread model: posix
gcc version 4.2.1 (Based on Apple Inc. build 5658) (LLVM build 2336.1.00)
 /usr/llvm-gcc-4.2/bin/../libexec/gcc/i686-apple-darwin11/4.2.1/collect2 -dynamic -arch x86_64 -macosx_version_min 10.7.4 -weak_reference_mismatches non-weak -o cmTryCompileExec3249725337 -lcrt1.10.6.o -L/usr/llvm-gcc-4.2/bin/../lib/gcc/i686-apple-darwin11/4.2.1/x86_64 -L/usr/llvm-gcc-4.2/bin/../lib/gcc/i686-apple-darwin11/4.2.1 -L/usr/llvm-gcc-4.2/bin/../lib/gcc -L/usr/llvm-gcc-4.2/bin/../lib/gcc/i686-apple-darwin11/4.2.1/../../.. -search_paths_first -headerpad_max_install_names -v CMakeFiles/cmTryCompileExec3249725337.dir/CMakeCXXCompilerABI.cpp.o -lstdc++ -lSystem -lgcc -lSystem
collect2 version 4.2.1 (Based on Apple Inc. build 5658) (LLVM build 2336.1.00) (i686 Darwin)
/usr/llvm-gcc-4.2/bin/../libexec/gcc/i686-apple-darwin11/4.2.1/ld -dynamic -arch x86_64 -macosx_version_min 10.7.4 -weak_reference_mismatches non-weak -o cmTryCompileExec3249725337 -lcrt1.10.6.o -L/usr/llvm-gcc-4.2/bin/../lib/gcc/i686-apple-darwin11/4.2.1/x86_64 -L/usr/llvm-gcc-4.2/bin/../lib/gcc/i686-apple-darwin11/4.2.1 -L/usr/llvm-gcc-4.2/bin/../lib/gcc -L/usr/llvm-gcc-4.2/bin/../lib/gcc/i686-apple-darwin11/4.2.1/../../.. -search_paths_first -headerpad_max_install_names -v CMakeFiles/cmTryCompileExec3249725337.dir/CMakeCXXCompilerABI.cpp.o -lstdc++ -lSystem -lgcc -lSystem
@(#)PROGRAM:ld  PROJECT:ld64-127.2
Library search paths:
	/usr/llvm-gcc-4.2/lib/gcc/i686-apple-darwin11/4.2.1/x86_64
	/usr/llvm-gcc-4.2/lib/gcc/i686-apple-darwin11/4.2.1
	/usr/llvm-gcc-4.2/lib/gcc
	/usr/llvm-gcc-4.2/lib
	/usr/lib
	/usr/local/lib
Framework search paths:
	/Library/Frameworks/
	/System/Library/Frameworks/


Parsed CXX implicit link information from above output:
  link line regex: [^( *|.*[/\])(ld|([^/\]+-)?ld|collect2)[^/\]*( |$)]
  ignore line: [Change Dir: /Users/danielmendelsohn/opencv-2.4.10/build/CMakeFiles/CMakeTmp]
  ignore line: []
  ignore line: [Run Build Command:"/usr/bin/make" "cmTryCompileExec3249725337/fast"]
  ignore line: [/usr/bin/make -f CMakeFiles/cmTryCompileExec3249725337.dir/build.make CMakeFiles/cmTryCompileExec3249725337.dir/build]
  ignore line: [/usr/local/Cellar/cmake/3.1.0/bin/cmake -E cmake_progress_report /Users/danielmendelsohn/opencv-2.4.10/build/CMakeFiles/CMakeTmp/CMakeFiles 1]
  ignore line: [Building CXX object CMakeFiles/cmTryCompileExec3249725337.dir/CMakeCXXCompilerABI.cpp.o]
  ignore line: [/usr/bin/c++     -o CMakeFiles/cmTryCompileExec3249725337.dir/CMakeCXXCompilerABI.cpp.o -c /usr/local/Cellar/cmake/3.1.0/share/cmake/Modules/CMakeCXXCompilerABI.cpp]
  ignore line: [Linking CXX executable cmTryCompileExec3249725337]
  ignore line: [/usr/local/Cellar/cmake/3.1.0/bin/cmake -E cmake_link_script CMakeFiles/cmTryCompileExec3249725337.dir/link.txt --verbose=1]
  ignore line: [/usr/bin/c++     -Wl,-search_paths_first -Wl,-headerpad_max_install_names -v -Wl,-v CMakeFiles/cmTryCompileExec3249725337.dir/CMakeCXXCompilerABI.cpp.o  -o cmTryCompileExec3249725337   ]
  ignore line: [Using built-in specs.]
  ignore line: [Target: i686-apple-darwin11]
  ignore line: [Configured with: /private/var/tmp/llvmgcc42/llvmgcc42-2336.1~1/src/configure --disable-checking --enable-werror --prefix=/Developer/usr/llvm-gcc-4.2 --mandir=/share/man --enable-languages=c,objc,c++,obj-c++ --program-prefix=llvm- --program-transform-name=/^[cg][^.-]*$/s/$/-4.2/ --with-slibdir=/usr/lib --build=i686-apple-darwin11 --enable-llvm=/private/var/tmp/llvmgcc42/llvmgcc42-2336.1~1/dst-llvmCore/Developer/usr/local --program-prefix=i686-apple-darwin11- --host=x86_64-apple-darwin11 --target=i686-apple-darwin11 --with-gxx-include-dir=/usr/include/c++/4.2.1]
  ignore line: [Thread model: posix]
  ignore line: [gcc version 4.2.1 (Based on Apple Inc. build 5658) (LLVM build 2336.1.00)]
  link line: [ /usr/llvm-gcc-4.2/bin/../libexec/gcc/i686-apple-darwin11/4.2.1/collect2 -dynamic -arch x86_64 -macosx_version_min 10.7.4 -weak_reference_mismatches non-weak -o cmTryCompileExec3249725337 -lcrt1.10.6.o -L/usr/llvm-gcc-4.2/bin/../lib/gcc/i686-apple-darwin11/4.2.1/x86_64 -L/usr/llvm-gcc-4.2/bin/../lib/gcc/i686-apple-darwin11/4.2.1 -L/usr/llvm-gcc-4.2/bin/../lib/gcc -L/usr/llvm-gcc-4.2/bin/../lib/gcc/i686-apple-darwin11/4.2.1/../../.. -search_paths_first -headerpad_max_install_names -v CMakeFiles/cmTryCompileExec3249725337.dir/CMakeCXXCompilerABI.cpp.o -lstdc++ -lSystem -lgcc -lSystem]
    arg [/usr/llvm-gcc-4.2/bin/../libexec/gcc/i686-apple-darwin11/4.2.1/collect2] ==> ignore
    arg [-dynamic] ==> ignore
    arg [-arch] ==> ignore
    arg [x86_64] ==> ignore
    arg [-macosx_version_min] ==> ignore
    arg [10.7.4] ==> ignore
    arg [-weak_reference_mismatches] ==> ignore
    arg [non-weak] ==> ignore
    arg [-o] ==> ignore
    arg [cmTryCompileExec3249725337] ==> ignore
    arg [-lcrt1.10.6.o] ==> lib [crt1.10.6.o]
    arg [-L/usr/llvm-gcc-4.2/bin/../lib/gcc/i686-apple-darwin11/4.2.1/x86_64] ==> dir [/usr/llvm-gcc-4.2/bin/../lib/gcc/i686-apple-darwin11/4.2.1/x86_64]
    arg [-L/usr/llvm-gcc-4.2/bin/../lib/gcc/i686-apple-darwin11/4.2.1] ==> dir [/usr/llvm-gcc-4.2/bin/../lib/gcc/i686-apple-darwin11/4.2.1]
    arg [-L/usr/llvm-gcc-4.2/bin/../lib/gcc] ==> dir [/usr/llvm-gcc-4.2/bin/../lib/gcc]
    arg [-L/usr/llvm-gcc-4.2/bin/../lib/gcc/i686-apple-darwin11/4.2.1/../../..] ==> dir [/usr/llvm-gcc-4.2/bin/../lib/gcc/i686-apple-darwin11/4.2.1/../../..]
    arg [-search_paths_first] ==> ignore
    arg [-headerpad_max_install_names] ==> ignore
    arg [-v] ==> ignore
    arg [CMakeFiles/cmTryCompileExec3249725337.dir/CMakeCXXCompilerABI.cpp.o] ==> ignore
    arg [-lstdc++] ==> lib [stdc++]
    arg [-lSystem] ==> lib [System]
    arg [-lgcc] ==> lib [gcc]
    arg [-lSystem] ==> lib [System]
  Library search paths: [;/usr/llvm-gcc-4.2/lib/gcc/i686-apple-darwin11/4.2.1/x86_64;/usr/llvm-gcc-4.2/lib/gcc/i686-apple-darwin11/4.2.1;/usr/llvm-gcc-4.2/lib/gcc;/usr/llvm-gcc-4.2/lib;/usr/lib;/usr/local/lib]
  Framework search paths: [;/Library/Frameworks/;/System/Library/Frameworks/]
  remove lib [crt1.10.6.o]
  remove lib [System]
  remove lib [gcc]
  remove lib [System]
  collapse library dir [/usr/llvm-gcc-4.2/bin/../lib/gcc/i686-apple-darwin11/4.2.1/x86_64] ==> [/usr/llvm-gcc-4.2/lib/gcc/i686-apple-darwin11/4.2.1/x86_64]
  collapse library dir [/usr/llvm-gcc-4.2/bin/../lib/gcc/i686-apple-darwin11/4.2.1] ==> [/usr/llvm-gcc-4.2/lib/gcc/i686-apple-darwin11/4.2.1]
  collapse library dir [/usr/llvm-gcc-4.2/bin/../lib/gcc] ==> [/usr/llvm-gcc-4.2/lib/gcc]
  collapse library dir [/usr/llvm-gcc-4.2/bin/../lib/gcc/i686-apple-darwin11/4.2.1/../../..] ==> [/usr/llvm-gcc-4.2/lib]
  collapse library dir [/usr/llvm-gcc-4.2/lib/gcc/i686-apple-darwin11/4.2.1/x86_64] ==> [/usr/llvm-gcc-4.2/lib/gcc/i686-apple-darwin11/4.2.1/x86_64]
  collapse library dir [/usr/llvm-gcc-4.2/lib/gcc/i686-apple-darwin11/4.2.1] ==> [/usr/llvm-gcc-4.2/lib/gcc/i686-apple-darwin11/4.2.1]
  collapse library dir [/usr/llvm-gcc-4.2/lib/gcc] ==> [/usr/llvm-gcc-4.2/lib/gcc]
  collapse library dir [/usr/llvm-gcc-4.2/lib] ==> [/usr/llvm-gcc-4.2/lib]
  collapse library dir [/usr/lib] ==> [/usr/lib]
  collapse library dir [/usr/local/lib] ==> [/usr/local/lib]
  collapse framework dir [/Library/Frameworks/] ==> [/Library/Frameworks]
  collapse framework dir [/System/Library/Frameworks/] ==> [/System/Library/Frameworks]
  implicit libs: [stdc++]
  implicit dirs: [/usr/llvm-gcc-4.2/lib/gcc/i686-apple-darwin11/4.2.1/x86_64;/usr/llvm-gcc-4.2/lib/gcc/i686-apple-darwin11/4.2.1;/usr/llvm-gcc-4.2/lib/gcc;/usr/llvm-gcc-4.2/lib;/usr/lib;/usr/local/lib]
  implicit fwks: [/Library/Frameworks;/System/Library/Frameworks]


Determining if the C compiler works passed with the following output:
Change Dir: /Users/danielmendelsohn/opencv-2.4.10/build/CMakeFiles/CMakeTmp

Run Build Command:"/usr/bin/make" "cmTryCompileExec2752901063/fast"
/usr/bin/make -f CMakeFiles/cmTryCompileExec2752901063.dir/build.make CMakeFiles/cmTryCompileExec2752901063.dir/build
/usr/local/Cellar/cmake/3.1.0/bin/cmake -E cmake_progress_report /Users/danielmendelsohn/opencv-2.4.10/build/CMakeFiles/CMakeTmp/CMakeFiles 1
Building C object CMakeFiles/cmTryCompileExec2752901063.dir/testCCompiler.c.o
/usr/bin/cc    -o CMakeFiles/cmTryCompileExec2752901063.dir/testCCompiler.c.o   -c /Users/danielmendelsohn/opencv-2.4.10/build/CMakeFiles/CMakeTmp/testCCompiler.c
Linking C executable cmTryCompileExec2752901063
/usr/local/Cellar/cmake/3.1.0/bin/cmake -E cmake_link_script CMakeFiles/cmTryCompileExec2752901063.dir/link.txt --verbose=1
/usr/bin/cc    -Wl,-search_paths_first -Wl,-headerpad_max_install_names  CMakeFiles/cmTryCompileExec2752901063.dir/testCCompiler.c.o  -o cmTryCompileExec2752901063  


Detecting C compiler ABI info compiled with the following output:
Change Dir: /Users/danielmendelsohn/opencv-2.4.10/build/CMakeFiles/CMakeTmp

Run Build Command:"/usr/bin/make" "cmTryCompileExec1529960946/fast"
/usr/bin/make -f CMakeFiles/cmTryCompileExec1529960946.dir/build.make CMakeFiles/cmTryCompileExec1529960946.dir/build
/usr/local/Cellar/cmake/3.1.0/bin/cmake -E cmake_progress_report /Users/danielmendelsohn/opencv-2.4.10/build/CMakeFiles/CMakeTmp/CMakeFiles 1
Building C object CMakeFiles/cmTryCompileExec1529960946.dir/CMakeCCompilerABI.c.o
/usr/bin/cc    -o CMakeFiles/cmTryCompileExec1529960946.dir/CMakeCCompilerABI.c.o   -c /usr/local/Cellar/cmake/3.1.0/share/cmake/Modules/CMakeCCompilerABI.c
Linking C executable cmTryCompileExec1529960946
/usr/local/Cellar/cmake/3.1.0/bin/cmake -E cmake_link_script CMakeFiles/cmTryCompileExec1529960946.dir/link.txt --verbose=1
/usr/bin/cc    -Wl,-search_paths_first -Wl,-headerpad_max_install_names -v -Wl,-v CMakeFiles/cmTryCompileExec1529960946.dir/CMakeCCompilerABI.c.o  -o cmTryCompileExec1529960946   
Using built-in specs.
Target: i686-apple-darwin11
Configured with: /private/var/tmp/llvmgcc42/llvmgcc42-2336.1~1/src/configure --disable-checking --enable-werror --prefix=/Developer/usr/llvm-gcc-4.2 --mandir=/share/man --enable-languages=c,objc,c++,obj-c++ --program-prefix=llvm- --program-transform-name=/^[cg][^.-]*$/s/$/-4.2/ --with-slibdir=/usr/lib --build=i686-apple-darwin11 --enable-llvm=/private/var/tmp/llvmgcc42/llvmgcc42-2336.1~1/dst-llvmCore/Developer/usr/local --program-prefix=i686-apple-darwin11- --host=x86_64-apple-darwin11 --target=i686-apple-darwin11 --with-gxx-include-dir=/usr/include/c++/4.2.1
Thread model: posix
gcc version 4.2.1 (Based on Apple Inc. build 5658) (LLVM build 2336.1.00)
 /usr/llvm-gcc-4.2/bin/../libexec/gcc/i686-apple-darwin11/4.2.1/collect2 -dynamic -arch x86_64 -macosx_version_min 10.7.4 -weak_reference_mismatches non-weak -o cmTryCompileExec1529960946 -lcrt1.10.6.o -L/usr/llvm-gcc-4.2/bin/../lib/gcc/i686-apple-darwin11/4.2.1/x86_64 -L/usr/llvm-gcc-4.2/bin/../lib/gcc/i686-apple-darwin11/4.2.1 -L/usr/llvm-gcc-4.2/bin/../lib/gcc -L/usr/llvm-gcc-4.2/bin/../lib/gcc/i686-apple-darwin11/4.2.1/../../.. -search_paths_first -headerpad_max_install_names -v CMakeFiles/cmTryCompileExec1529960946.dir/CMakeCCompilerABI.c.o -lSystem -lgcc -lSystem
collect2 version 4.2.1 (Based on Apple Inc. build 5658) (LLVM build 2336.1.00) (i686 Darwin)
/usr/llvm-gcc-4.2/bin/../libexec/gcc/i686-apple-darwin11/4.2.1/ld -dynamic -arch x86_64 -macosx_version_min 10.7.4 -weak_reference_mismatches non-weak -o cmTryCompileExec1529960946 -lcrt1.10.6.o -L/usr/llvm-gcc-4.2/bin/../lib/gcc/i686-apple-darwin11/4.2.1/x86_64 -L/usr/llvm-gcc-4.2/bin/../lib/gcc/i686-apple-darwin11/4.2.1 -L/usr/llvm-gcc-4.2/bin/../lib/gcc -L/usr/llvm-gcc-4.2/bin/../lib/gcc/i686-apple-darwin11/4.2.1/../../.. -search_paths_first -headerpad_max_install_names -v CMakeFiles/cmTryCompileExec1529960946.dir/CMakeCCompilerABI.c.o -lSystem -lgcc -lSystem
@(#)PROGRAM:ld  PROJECT:ld64-127.2
Library search paths:
	/usr/llvm-gcc-4.2/lib/gcc/i686-apple-darwin11/4.2.1/x86_64
	/usr/llvm-gcc-4.2/lib/gcc/i686-apple-darwin11/4.2.1
	/usr/llvm-gcc-4.2/lib/gcc
	/usr/llvm-gcc-4.2/lib
	/usr/lib
	/usr/local/lib
Framework search paths:
	/Library/Frameworks/
	/System/Library/Frameworks/


Parsed C implicit link information from above output:
  link line regex: [^( *|.*[/\])(ld|([^/\]+-)?ld|collect2)[^/\]*( |$)]
  ignore line: [Change Dir: /Users/danielmendelsohn/opencv-2.4.10/build/CMakeFiles/CMakeTmp]
  ignore line: []
  ignore line: [Run Build Command:"/usr/bin/make" "cmTryCompileExec1529960946/fast"]
  ignore line: [/usr/bin/make -f CMakeFiles/cmTryCompileExec1529960946.dir/build.make CMakeFiles/cmTryCompileExec1529960946.dir/build]
  ignore line: [/usr/local/Cellar/cmake/3.1.0/bin/cmake -E cmake_progress_report /Users/danielmendelsohn/opencv-2.4.10/build/CMakeFiles/CMakeTmp/CMakeFiles 1]
  ignore line: [Building C object CMakeFiles/cmTryCompileExec1529960946.dir/CMakeCCompilerABI.c.o]
  ignore line: [/usr/bin/cc    -o CMakeFiles/cmTryCompileExec1529960946.dir/CMakeCCompilerABI.c.o   -c /usr/local/Cellar/cmake/3.1.0/share/cmake/Modules/CMakeCCompilerABI.c]
  ignore line: [Linking C executable cmTryCompileExec1529960946]
  ignore line: [/usr/local/Cellar/cmake/3.1.0/bin/cmake -E cmake_link_script CMakeFiles/cmTryCompileExec1529960946.dir/link.txt --verbose=1]
  ignore line: [/usr/bin/cc    -Wl,-search_paths_first -Wl,-headerpad_max_install_names -v -Wl,-v CMakeFiles/cmTryCompileExec1529960946.dir/CMakeCCompilerABI.c.o  -o cmTryCompileExec1529960946   ]
  ignore line: [Using built-in specs.]
  ignore line: [Target: i686-apple-darwin11]
  ignore line: [Configured with: /private/var/tmp/llvmgcc42/llvmgcc42-2336.1~1/src/configure --disable-checking --enable-werror --prefix=/Developer/usr/llvm-gcc-4.2 --mandir=/share/man --enable-languages=c,objc,c++,obj-c++ --program-prefix=llvm- --program-transform-name=/^[cg][^.-]*$/s/$/-4.2/ --with-slibdir=/usr/lib --build=i686-apple-darwin11 --enable-llvm=/private/var/tmp/llvmgcc42/llvmgcc42-2336.1~1/dst-llvmCore/Developer/usr/local --program-prefix=i686-apple-darwin11- --host=x86_64-apple-darwin11 --target=i686-apple-darwin11 --with-gxx-include-dir=/usr/include/c++/4.2.1]
  ignore line: [Thread model: posix]
  ignore line: [gcc version 4.2.1 (Based on Apple Inc. build 5658) (LLVM build 2336.1.00)]
  link line: [ /usr/llvm-gcc-4.2/bin/../libexec/gcc/i686-apple-darwin11/4.2.1/collect2 -dynamic -arch x86_64 -macosx_version_min 10.7.4 -weak_reference_mismatches non-weak -o cmTryCompileExec1529960946 -lcrt1.10.6.o -L/usr/llvm-gcc-4.2/bin/../lib/gcc/i686-apple-darwin11/4.2.1/x86_64 -L/usr/llvm-gcc-4.2/bin/../lib/gcc/i686-apple-darwin11/4.2.1 -L/usr/llvm-gcc-4.2/bin/../lib/gcc -L/usr/llvm-gcc-4.2/bin/../lib/gcc/i686-apple-darwin11/4.2.1/../../.. -search_paths_first -headerpad_max_install_names -v CMakeFiles/cmTryCompileExec1529960946.dir/CMakeCCompilerABI.c.o -lSystem -lgcc -lSystem]
    arg [/usr/llvm-gcc-4.2/bin/../libexec/gcc/i686-apple-darwin11/4.2.1/collect2] ==> ignore
    arg [-dynamic] ==> ignore
    arg [-arch] ==> ignore
    arg [x86_64] ==> ignore
    arg [-macosx_version_min] ==> ignore
    arg [10.7.4] ==> ignore
    arg [-weak_reference_mismatches] ==> ignore
    arg [non-weak] ==> ignore
    arg [-o] ==> ignore
    arg [cmTryCompileExec1529960946] ==> ignore
    arg [-lcrt1.10.6.o] ==> lib [crt1.10.6.o]
    arg [-L/usr/llvm-gcc-4.2/bin/../lib/gcc/i686-apple-darwin11/4.2.1/x86_64] ==> dir [/usr/llvm-gcc-4.2/bin/../lib/gcc/i686-apple-darwin11/4.2.1/x86_64]
    arg [-L/usr/llvm-gcc-4.2/bin/../lib/gcc/i686-apple-darwin11/4.2.1] ==> dir [/usr/llvm-gcc-4.2/bin/../lib/gcc/i686-apple-darwin11/4.2.1]
    arg [-L/usr/llvm-gcc-4.2/bin/../lib/gcc] ==> dir [/usr/llvm-gcc-4.2/bin/../lib/gcc]
    arg [-L/usr/llvm-gcc-4.2/bin/../lib/gcc/i686-apple-darwin11/4.2.1/../../..] ==> dir [/usr/llvm-gcc-4.2/bin/../lib/gcc/i686-apple-darwin11/4.2.1/../../..]
    arg [-search_paths_first] ==> ignore
    arg [-headerpad_max_install_names] ==> ignore
    arg [-v] ==> ignore
    arg [CMakeFiles/cmTryCompileExec1529960946.dir/CMakeCCompilerABI.c.o] ==> ignore
    arg [-lSystem] ==> lib [System]
    arg [-lgcc] ==> lib [gcc]
    arg [-lSystem] ==> lib [System]
  Library search paths: [;/usr/llvm-gcc-4.2/lib/gcc/i686-apple-darwin11/4.2.1/x86_64;/usr/llvm-gcc-4.2/lib/gcc/i686-apple-darwin11/4.2.1;/usr/llvm-gcc-4.2/lib/gcc;/usr/llvm-gcc-4.2/lib;/usr/lib;/usr/local/lib]
  Framework search paths: [;/Library/Frameworks/;/System/Library/Frameworks/]
  remove lib [crt1.10.6.o]
  remove lib [System]
  remove lib [gcc]
  remove lib [System]
  collapse library dir [/usr/llvm-gcc-4.2/bin/../lib/gcc/i686-apple-darwin11/4.2.1/x86_64] ==> [/usr/llvm-gcc-4.2/lib/gcc/i686-apple-darwin11/4.2.1/x86_64]
  collapse library dir [/usr/llvm-gcc-4.2/bin/../lib/gcc/i686-apple-darwin11/4.2.1] ==> [/usr/llvm-gcc-4.2/lib/gcc/i686-apple-darwin11/4.2.1]
  collapse library dir [/usr/llvm-gcc-4.2/bin/../lib/gcc] ==> [/usr/llvm-gcc-4.2/lib/gcc]
  collapse library dir [/usr/llvm-gcc-4.2/bin/../lib/gcc/i686-apple-darwin11/4.2.1/../../..] ==> [/usr/llvm-gcc-4.2/lib]
  collapse library dir [/usr/llvm-gcc-4.2/lib/gcc/i686-apple-darwin11/4.2.1/x86_64] ==> [/usr/llvm-gcc-4.2/lib/gcc/i686-apple-darwin11/4.2.1/x86_64]
  collapse library dir [/usr/llvm-gcc-4.2/lib/gcc/i686-apple-darwin11/4.2.1] ==> [/usr/llvm-gcc-4.2/lib/gcc/i686-apple-darwin11/4.2.1]
  collapse library dir [/usr/llvm-gcc-4.2/lib/gcc] ==> [/usr/llvm-gcc-4.2/lib/gcc]
  collapse library dir [/usr/llvm-gcc-4.2/lib] ==> [/usr/llvm-gcc-4.2/lib]
  collapse library dir [/usr/lib] ==> [/usr/lib]
  collapse library dir [/usr/local/lib] ==> [/usr/local/lib]
  collapse framework dir [/Library/Frameworks/] ==> [/Library/Frameworks]
  collapse framework dir [/System/Library/Frameworks/] ==> [/System/Library/Frameworks]
  implicit libs: []
  implicit dirs: [/usr/llvm-gcc-4.2/lib/gcc/i686-apple-darwin11/4.2.1/x86_64;/usr/llvm-gcc-4.2/lib/gcc/i686-apple-darwin11/4.2.1;/usr/llvm-gcc-4.2/lib/gcc;/usr/llvm-gcc-4.2/lib;/usr/lib;/usr/local/lib]
  implicit fwks: [/Library/Frameworks;/System/Library/Frameworks]


Determining if the include file sys/types.h exists passed with the following output:
Change Dir: /Users/danielmendelsohn/opencv-2.4.10/build/CMakeFiles/CMakeTmp

Run Build Command:"/usr/bin/make" "cmTryCompileExec3635039526/fast"
/usr/bin/make -f CMakeFiles/cmTryCompileExec3635039526.dir/build.make CMakeFiles/cmTryCompileExec3635039526.dir/build
/usr/local/Cellar/cmake/3.1.0/bin/cmake -E cmake_progress_report /Users/danielmendelsohn/opencv-2.4.10/build/CMakeFiles/CMakeTmp/CMakeFiles 1
Building C object CMakeFiles/cmTryCompileExec3635039526.dir/CheckIncludeFile.c.o
/usr/bin/cc   -fsigned-char -W -Wall -Werror=return-type -Werror=address -Werror=sequence-point -Wformat -Werror=format-security -Wmissing-declarations -Wmissing-prototypes -Wstrict-prototypes -Wundef -Winit-self -Wpointer-arith -Wshadow -fdiagnostics-show-option -Wno-long-long -pthread -fomit-frame-pointer -msse -msse2 -msse3  -O3 -DNDEBUG   -o CMakeFiles/cmTryCompileExec3635039526.dir/CheckIncludeFile.c.o   -c /Users/danielmendelsohn/opencv-2.4.10/build/CMakeFiles/CMakeTmp/CheckIncludeFile.c
Linking C executable cmTryCompileExec3635039526
/usr/local/Cellar/cmake/3.1.0/bin/cmake -E cmake_link_script CMakeFiles/cmTryCompileExec3635039526.dir/link.txt --verbose=1
/usr/bin/cc     -fsigned-char -W -Wall -Werror=return-type -Werror=address -Werror=sequence-point -Wformat -Werror=format-security -Wmissing-declarations -Wmissing-prototypes -Wstrict-prototypes -Wundef -Winit-self -Wpointer-arith -Wshadow -fdiagnostics-show-option -Wno-long-long -pthread -fomit-frame-pointer -msse -msse2 -msse3  -O3 -DNDEBUG -Wl,-search_paths_first -Wl,-headerpad_max_install_names  CMakeFiles/cmTryCompileExec3635039526.dir/CheckIncludeFile.c.o  -o cmTryCompileExec3635039526  


Determining if the include file stdint.h exists passed with the following output:
Change Dir: /Users/danielmendelsohn/opencv-2.4.10/build/CMakeFiles/CMakeTmp

Run Build Command:"/usr/bin/make" "cmTryCompileExec618940483/fast"
/usr/bin/make -f CMakeFiles/cmTryCompileExec618940483.dir/build.make CMakeFiles/cmTryCompileExec618940483.dir/build
/usr/local/Cellar/cmake/3.1.0/bin/cmake -E cmake_progress_report /Users/danielmendelsohn/opencv-2.4.10/build/CMakeFiles/CMakeTmp/CMakeFiles 1
Building C object CMakeFiles/cmTryCompileExec618940483.dir/CheckIncludeFile.c.o
/usr/bin/cc   -fsigned-char -W -Wall -Werror=return-type -Werror=address -Werror=sequence-point -Wformat -Werror=format-security -Wmissing-declarations -Wmissing-prototypes -Wstrict-prototypes -Wundef -Winit-self -Wpointer-arith -Wshadow -fdiagnostics-show-option -Wno-long-long -pthread -fomit-frame-pointer -msse -msse2 -msse3  -O3 -DNDEBUG   -o CMakeFiles/cmTryCompileExec618940483.dir/CheckIncludeFile.c.o   -c /Users/danielmendelsohn/opencv-2.4.10/build/CMakeFiles/CMakeTmp/CheckIncludeFile.c
Linking C executable cmTryCompileExec618940483
/usr/local/Cellar/cmake/3.1.0/bin/cmake -E cmake_link_script CMakeFiles/cmTryCompileExec618940483.dir/link.txt --verbose=1
/usr/bin/cc     -fsigned-char -W -Wall -Werror=return-type -Werror=address -Werror=sequence-point -Wformat -Werror=format-security -Wmissing-declarations -Wmissing-prototypes -Wstrict-prototypes -Wundef -Winit-self -Wpointer-arith -Wshadow -fdiagnostics-show-option -Wno-long-long -pthread -fomit-frame-pointer -msse -msse2 -msse3  -O3 -DNDEBUG -Wl,-search_paths_first -Wl,-headerpad_max_install_names  CMakeFiles/cmTryCompileExec618940483.dir/CheckIncludeFile.c.o  -o cmTryCompileExec618940483  


Determining if the include file stddef.h exists passed with the following output:
Change Dir: /Users/danielmendelsohn/opencv-2.4.10/build/CMakeFiles/CMakeTmp

Run Build Command:"/usr/bin/make" "cmTryCompileExec1498482915/fast"
/usr/bin/make -f CMakeFiles/cmTryCompileExec1498482915.dir/build.make CMakeFiles/cmTryCompileExec1498482915.dir/build
/usr/local/Cellar/cmake/3.1.0/bin/cmake -E cmake_progress_report /Users/danielmendelsohn/opencv-2.4.10/build/CMakeFiles/CMakeTmp/CMakeFiles 1
Building C object CMakeFiles/cmTryCompileExec1498482915.dir/CheckIncludeFile.c.o
/usr/bin/cc   -fsigned-char -W -Wall -Werror=return-type -Werror=address -Werror=sequence-point -Wformat -Werror=format-security -Wmissing-declarations -Wmissing-prototypes -Wstrict-prototypes -Wundef -Winit-self -Wpointer-arith -Wshadow -fdiagnostics-show-option -Wno-long-long -pthread -fomit-frame-pointer -msse -msse2 -msse3  -O3 -DNDEBUG   -o CMakeFiles/cmTryCompileExec1498482915.dir/CheckIncludeFile.c.o   -c /Users/danielmendelsohn/opencv-2.4.10/build/CMakeFiles/CMakeTmp/CheckIncludeFile.c
Linking C executable cmTryCompileExec1498482915
/usr/local/Cellar/cmake/3.1.0/bin/cmake -E cmake_link_script CMakeFiles/cmTryCompileExec1498482915.dir/link.txt --verbose=1
/usr/bin/cc     -fsigned-char -W -Wall -Werror=return-type -Werror=address -Werror=sequence-point -Wformat -Werror=format-security -Wmissing-declarations -Wmissing-prototypes -Wstrict-prototypes -Wundef -Winit-self -Wpointer-arith -Wshadow -fdiagnostics-show-option -Wno-long-long -pthread -fomit-frame-pointer -msse -msse2 -msse3  -O3 -DNDEBUG -Wl,-search_paths_first -Wl,-headerpad_max_install_names  CMakeFiles/cmTryCompileExec1498482915.dir/CheckIncludeFile.c.o  -o cmTryCompileExec1498482915  


Determining size of unsigned short passed with the following output:
Change Dir: /Users/danielmendelsohn/opencv-2.4.10/build/CMakeFiles/CMakeTmp

Run Build Command:"/usr/bin/make" "cmTryCompileExec75171836/fast"
/usr/bin/make -f CMakeFiles/cmTryCompileExec75171836.dir/build.make CMakeFiles/cmTryCompileExec75171836.dir/build
/usr/local/Cellar/cmake/3.1.0/bin/cmake -E cmake_progress_report /Users/danielmendelsohn/opencv-2.4.10/build/CMakeFiles/CMakeTmp/CMakeFiles 1
Building C object CMakeFiles/cmTryCompileExec75171836.dir/CMAKE_SIZEOF_UNSIGNED_SHORT.c.o
/usr/bin/cc   -fsigned-char -W -Wall -Werror=return-type -Werror=address -Werror=sequence-point -Wformat -Werror=format-security -Wmissing-declarations -Wmissing-prototypes -Wstrict-prototypes -Wundef -Winit-self -Wpointer-arith -Wshadow -fdiagnostics-show-option -Wno-long-long -pthread -fomit-frame-pointer -msse -msse2 -msse3  -O3 -DNDEBUG   -o CMakeFiles/cmTryCompileExec75171836.dir/CMAKE_SIZEOF_UNSIGNED_SHORT.c.o   -c /Users/danielmendelsohn/opencv-2.4.10/build/CMakeFiles/CheckTypeSize/CMAKE_SIZEOF_UNSIGNED_SHORT.c
Linking C executable cmTryCompileExec75171836
/usr/local/Cellar/cmake/3.1.0/bin/cmake -E cmake_link_script CMakeFiles/cmTryCompileExec75171836.dir/link.txt --verbose=1
/usr/bin/cc     -fsigned-char -W -Wall -Werror=return-type -Werror=address -Werror=sequence-point -Wformat -Werror=format-security -Wmissing-declarations -Wmissing-prototypes -Wstrict-prototypes -Wundef -Winit-self -Wpointer-arith -Wshadow -fdiagnostics-show-option -Wno-long-long -pthread -fomit-frame-pointer -msse -msse2 -msse3  -O3 -DNDEBUG -Wl,-search_paths_first -Wl,-headerpad_max_install_names  CMakeFiles/cmTryCompileExec75171836.dir/CMAKE_SIZEOF_UNSIGNED_SHORT.c.o  -o cmTryCompileExec75171836  


Determining if the function fseeko exists passed with the following output:
Change Dir: /Users/danielmendelsohn/opencv-2.4.10/build/CMakeFiles/CMakeTmp

Run Build Command:"/usr/bin/make" "cmTryCompileExec4082571231/fast"
/usr/bin/make -f CMakeFiles/cmTryCompileExec4082571231.dir/build.make CMakeFiles/cmTryCompileExec4082571231.dir/build
/usr/local/Cellar/cmake/3.1.0/bin/cmake -E cmake_progress_report /Users/danielmendelsohn/opencv-2.4.10/build/CMakeFiles/CMakeTmp/CMakeFiles 1
Building C object CMakeFiles/cmTryCompileExec4082571231.dir/CheckFunctionExists.c.o
/usr/bin/cc   -fsigned-char -W -Wall -Werror=return-type -Werror=address -Werror=sequence-point -Wformat -Werror=format-security -Wmissing-declarations -Wmissing-prototypes -Wstrict-prototypes -Wundef -Winit-self -Wpointer-arith -Wshadow -fdiagnostics-show-option -Wno-long-long -pthread -fomit-frame-pointer -msse -msse2 -msse3 -DCHECK_FUNCTION_EXISTS=fseeko -O3 -DNDEBUG   -o CMakeFiles/cmTryCompileExec4082571231.dir/CheckFunctionExists.c.o   -c /usr/local/Cellar/cmake/3.1.0/share/cmake/Modules/CheckFunctionExists.c
/usr/local/Cellar/cmake/3.1.0/share/cmake/Modules/CheckFunctionExists.c:3: warning: function declaration isn’t a prototype [-Wstrict-prototypes]
Linking C executable cmTryCompileExec4082571231
/usr/local/Cellar/cmake/3.1.0/bin/cmake -E cmake_link_script CMakeFiles/cmTryCompileExec4082571231.dir/link.txt --verbose=1
/usr/bin/cc     -fsigned-char -W -Wall -Werror=return-type -Werror=address -Werror=sequence-point -Wformat -Werror=format-security -Wmissing-declarations -Wmissing-prototypes -Wstrict-prototypes -Wundef -Winit-self -Wpointer-arith -Wshadow -fdiagnostics-show-option -Wno-long-long -pthread -fomit-frame-pointer -msse -msse2 -msse3 -DCHECK_FUNCTION_EXISTS=fseeko -O3 -DNDEBUG -Wl,-search_paths_first -Wl,-headerpad_max_install_names  CMakeFiles/cmTryCompileExec4082571231.dir/CheckFunctionExists.c.o  -o cmTryCompileExec4082571231  


Determining if the include file unistd.h exists passed with the following output:
Change Dir: /Users/danielmendelsohn/opencv-2.4.10/build/CMakeFiles/CMakeTmp

Run Build Command:"/usr/bin/make" "cmTryCompileExec1547897640/fast"
/usr/bin/make -f CMakeFiles/cmTryCompileExec1547897640.dir/build.make CMakeFiles/cmTryCompileExec1547897640.dir/build
/usr/local/Cellar/cmake/3.1.0/bin/cmake -E cmake_progress_report /Users/danielmendelsohn/opencv-2.4.10/build/CMakeFiles/CMakeTmp/CMakeFiles 1
Building C object CMakeFiles/cmTryCompileExec1547897640.dir/CheckIncludeFile.c.o
/usr/bin/cc   -fsigned-char -W -Wall -Werror=return-type -Werror=address -Werror=sequence-point -Wformat -Werror=format-security -Wmissing-declarations -Wmissing-prototypes -Wstrict-prototypes -Wundef -Winit-self -Wpointer-arith -Wshadow -fdiagnostics-show-option -Wno-long-long -pthread -fomit-frame-pointer -msse -msse2 -msse3  -O3 -DNDEBUG   -o CMakeFiles/cmTryCompileExec1547897640.dir/CheckIncludeFile.c.o   -c /Users/danielmendelsohn/opencv-2.4.10/build/CMakeFiles/CMakeTmp/CheckIncludeFile.c
Linking C executable cmTryCompileExec1547897640
/usr/local/Cellar/cmake/3.1.0/bin/cmake -E cmake_link_script CMakeFiles/cmTryCompileExec1547897640.dir/link.txt --verbose=1
/usr/bin/cc     -fsigned-char -W -Wall -Werror=return-type -Werror=address -Werror=sequence-point -Wformat -Werror=format-security -Wmissing-declarations -Wmissing-prototypes -Wstrict-prototypes -Wundef -Winit-self -Wpointer-arith -Wshadow -fdiagnostics-show-option -Wno-long-long -pthread -fomit-frame-pointer -msse -msse2 -msse3  -O3 -DNDEBUG -Wl,-search_paths_first -Wl,-headerpad_max_install_names  CMakeFiles/cmTryCompileExec1547897640.dir/CheckIncludeFile.c.o  -o cmTryCompileExec1547897640  


Determining if the include file assert.h exists passed with the following output:
Change Dir: /Users/danielmendelsohn/opencv-2.4.10/build/CMakeFiles/CMakeTmp

Run Build Command:"/usr/bin/make" "cmTryCompileExec2980103835/fast"
/usr/bin/make -f CMakeFiles/cmTryCompileExec2980103835.dir/build.make CMakeFiles/cmTryCompileExec2980103835.dir/build
/usr/local/Cellar/cmake/3.1.0/bin/cmake -E cmake_progress_report /Users/danielmendelsohn/opencv-2.4.10/build/CMakeFiles/CMakeTmp/CMakeFiles 1
Building C object CMakeFiles/cmTryCompileExec2980103835.dir/CheckIncludeFile.c.o
/usr/bin/cc   -fsigned-char -W -Wall -Werror=return-type -Werror=address -Werror=sequence-point -Wformat -Werror=format-security -Wmissing-declarations -Wmissing-prototypes -Wstrict-prototypes -Wundef -Winit-self -Wpointer-arith -Wshadow -fdiagnostics-show-option -Wno-long-long -pthread -fomit-frame-pointer -msse -msse2 -msse3  -O3 -DNDEBUG   -o CMakeFiles/cmTryCompileExec2980103835.dir/CheckIncludeFile.c.o   -c /Users/danielmendelsohn/opencv-2.4.10/build/CMakeFiles/CMakeTmp/CheckIncludeFile.c
Linking C executable cmTryCompileExec2980103835
/usr/local/Cellar/cmake/3.1.0/bin/cmake -E cmake_link_script CMakeFiles/cmTryCompileExec2980103835.dir/link.txt --verbose=1
/usr/bin/cc     -fsigned-char -W -Wall -Werror=return-type -Werror=address -Werror=sequence-point -Wformat -Werror=format-security -Wmissing-declarations -Wmissing-prototypes -Wstrict-prototypes -Wundef -Winit-self -Wpointer-arith -Wshadow -fdiagnostics-show-option -Wno-long-long -pthread -fomit-frame-pointer -msse -msse2 -msse3  -O3 -DNDEBUG -Wl,-search_paths_first -Wl,-headerpad_max_install_names  CMakeFiles/cmTryCompileExec2980103835.dir/CheckIncludeFile.c.o  -o cmTryCompileExec2980103835  


Determining if the include file fcntl.h exists passed with the following output:
Change Dir: /Users/danielmendelsohn/opencv-2.4.10/build/CMakeFiles/CMakeTmp

Run Build Command:"/usr/bin/make" "cmTryCompileExec2413927985/fast"
/usr/bin/make -f CMakeFiles/cmTryCompileExec2413927985.dir/build.make CMakeFiles/cmTryCompileExec2413927985.dir/build
/usr/local/Cellar/cmake/3.1.0/bin/cmake -E cmake_progress_report /Users/danielmendelsohn/opencv-2.4.10/build/CMakeFiles/CMakeTmp/CMakeFiles 1
Building C object CMakeFiles/cmTryCompileExec2413927985.dir/CheckIncludeFile.c.o
/usr/bin/cc   -fsigned-char -W -Wall -Werror=return-type -Werror=address -Werror=sequence-point -Wformat -Werror=format-security -Wmissing-declarations -Wmissing-prototypes -Wstrict-prototypes -Wundef -Winit-self -Wpointer-arith -Wshadow -fdiagnostics-show-option -Wno-long-long -pthread -fomit-frame-pointer -msse -msse2 -msse3  -O3 -DNDEBUG   -o CMakeFiles/cmTryCompileExec2413927985.dir/CheckIncludeFile.c.o   -c /Users/danielmendelsohn/opencv-2.4.10/build/CMakeFiles/CMakeTmp/CheckIncludeFile.c
Linking C executable cmTryCompileExec2413927985
/usr/local/Cellar/cmake/3.1.0/bin/cmake -E cmake_link_script CMakeFiles/cmTryCompileExec2413927985.dir/link.txt --verbose=1
/usr/bin/cc     -fsigned-char -W -Wall -Werror=return-type -Werror=address -Werror=sequence-point -Wformat -Werror=format-security -Wmissing-declarations -Wmissing-prototypes -Wstrict-prototypes -Wundef -Winit-self -Wpointer-arith -Wshadow -fdiagnostics-show-option -Wno-long-long -pthread -fomit-frame-pointer -msse -msse2 -msse3  -O3 -DNDEBUG -Wl,-search_paths_first -Wl,-headerpad_max_install_names  CMakeFiles/cmTryCompileExec2413927985.dir/CheckIncludeFile.c.o  -o cmTryCompileExec2413927985  


Determining if the function mmap exists passed with the following output:
Change Dir: /Users/danielmendelsohn/opencv-2.4.10/build/CMakeFiles/CMakeTmp

Run Build Command:"/usr/bin/make" "cmTryCompileExec43485781/fast"
/usr/bin/make -f CMakeFiles/cmTryCompileExec43485781.dir/build.make CMakeFiles/cmTryCompileExec43485781.dir/build
/usr/local/Cellar/cmake/3.1.0/bin/cmake -E cmake_progress_report /Users/danielmendelsohn/opencv-2.4.10/build/CMakeFiles/CMakeTmp/CMakeFiles 1
Building C object CMakeFiles/cmTryCompileExec43485781.dir/CheckFunctionExists.c.o
/usr/bin/cc   -fsigned-char -W -Wall -Werror=return-type -Werror=address -Werror=sequence-point -Wformat -Werror=format-security -Wmissing-declarations -Wmissing-prototypes -Wstrict-prototypes -Wundef -Winit-self -Wpointer-arith -Wshadow -fdiagnostics-show-option -Wno-long-long -pthread -fomit-frame-pointer -msse -msse2 -msse3 -DCHECK_FUNCTION_EXISTS=mmap -O3 -DNDEBUG   -o CMakeFiles/cmTryCompileExec43485781.dir/CheckFunctionExists.c.o   -c /usr/local/Cellar/cmake/3.1.0/share/cmake/Modules/CheckFunctionExists.c
/usr/local/Cellar/cmake/3.1.0/share/cmake/Modules/CheckFunctionExists.c:3: warning: function declaration isn’t a prototype [-Wstrict-prototypes]
Linking C executable cmTryCompileExec43485781
/usr/local/Cellar/cmake/3.1.0/bin/cmake -E cmake_link_script CMakeFiles/cmTryCompileExec43485781.dir/link.txt --verbose=1
/usr/bin/cc     -fsigned-char -W -Wall -Werror=return-type -Werror=address -Werror=sequence-point -Wformat -Werror=format-security -Wmissing-declarations -Wmissing-prototypes -Wstrict-prototypes -Wundef -Winit-self -Wpointer-arith -Wshadow -fdiagnostics-show-option -Wno-long-long -pthread -fomit-frame-pointer -msse -msse2 -msse3 -DCHECK_FUNCTION_EXISTS=mmap -O3 -DNDEBUG -Wl,-search_paths_first -Wl,-headerpad_max_install_names  CMakeFiles/cmTryCompileExec43485781.dir/CheckFunctionExists.c.o  -o cmTryCompileExec43485781  


Determining if the include file search.h exists passed with the following output:
Change Dir: /Users/danielmendelsohn/opencv-2.4.10/build/CMakeFiles/CMakeTmp

Run Build Command:"/usr/bin/make" "cmTryCompileExec1388231935/fast"
/usr/bin/make -f CMakeFiles/cmTryCompileExec1388231935.dir/build.make CMakeFiles/cmTryCompileExec1388231935.dir/build
/usr/local/Cellar/cmake/3.1.0/bin/cmake -E cmake_progress_report /Users/danielmendelsohn/opencv-2.4.10/build/CMakeFiles/CMakeTmp/CMakeFiles 1
Building C object CMakeFiles/cmTryCompileExec1388231935.dir/CheckIncludeFile.c.o
/usr/bin/cc   -fsigned-char -W -Wall -Werror=return-type -Werror=address -Werror=sequence-point -Wformat -Werror=format-security -Wmissing-declarations -Wmissing-prototypes -Wstrict-prototypes -Wundef -Winit-self -Wpointer-arith -Wshadow -fdiagnostics-show-option -Wno-long-long -pthread -fomit-frame-pointer -msse -msse2 -msse3  -O3 -DNDEBUG   -o CMakeFiles/cmTryCompileExec1388231935.dir/CheckIncludeFile.c.o   -c /Users/danielmendelsohn/opencv-2.4.10/build/CMakeFiles/CMakeTmp/CheckIncludeFile.c
Linking C executable cmTryCompileExec1388231935
/usr/local/Cellar/cmake/3.1.0/bin/cmake -E cmake_link_script CMakeFiles/cmTryCompileExec1388231935.dir/link.txt --verbose=1
/usr/bin/cc     -fsigned-char -W -Wall -Werror=return-type -Werror=address -Werror=sequence-point -Wformat -Werror=format-security -Wmissing-declarations -Wmissing-prototypes -Wstrict-prototypes -Wundef -Winit-self -Wpointer-arith -Wshadow -fdiagnostics-show-option -Wno-long-long -pthread -fomit-frame-pointer -msse -msse2 -msse3  -O3 -DNDEBUG -Wl,-search_paths_first -Wl,-headerpad_max_install_names  CMakeFiles/cmTryCompileExec1388231935.dir/CheckIncludeFile.c.o  -o cmTryCompileExec1388231935  


Determining if the include file string.h exists passed with the following output:
Change Dir: /Users/danielmendelsohn/opencv-2.4.10/build/CMakeFiles/CMakeTmp

Run Build Command:"/usr/bin/make" "cmTryCompileExec2871818395/fast"
/usr/bin/make -f CMakeFiles/cmTryCompileExec2871818395.dir/build.make CMakeFiles/cmTryCompileExec2871818395.dir/build
/usr/local/Cellar/cmake/3.1.0/bin/cmake -E cmake_progress_report /Users/danielmendelsohn/opencv-2.4.10/build/CMakeFiles/CMakeTmp/CMakeFiles 1
Building C object CMakeFiles/cmTryCompileExec2871818395.dir/CheckIncludeFile.c.o
/usr/bin/cc   -fsigned-char -W -Wall -Werror=return-type -Werror=address -Werror=sequence-point -Wformat -Werror=format-security -Wmissing-declarations -Wmissing-prototypes -Wstrict-prototypes -Wundef -Winit-self -Wpointer-arith -Wshadow -fdiagnostics-show-option -Wno-long-long -pthread -fomit-frame-pointer -msse -msse2 -msse3  -O3 -DNDEBUG   -o CMakeFiles/cmTryCompileExec2871818395.dir/CheckIncludeFile.c.o   -c /Users/danielmendelsohn/opencv-2.4.10/build/CMakeFiles/CMakeTmp/CheckIncludeFile.c
Linking C executable cmTryCompileExec2871818395
/usr/local/Cellar/cmake/3.1.0/bin/cmake -E cmake_link_script CMakeFiles/cmTryCompileExec2871818395.dir/link.txt --verbose=1
/usr/bin/cc     -fsigned-char -W -Wall -Werror=return-type -Werror=address -Werror=sequence-point -Wformat -Werror=format-security -Wmissing-declarations -Wmissing-prototypes -Wstrict-prototypes -Wundef -Winit-self -Wpointer-arith -Wshadow -fdiagnostics-show-option -Wno-long-long -pthread -fomit-frame-pointer -msse -msse2 -msse3  -O3 -DNDEBUG -Wl,-search_paths_first -Wl,-headerpad_max_install_names  CMakeFiles/cmTryCompileExec2871818395.dir/CheckIncludeFile.c.o  -o cmTryCompileExec2871818395  


Determining if the include file unistd.h exists passed with the following output:
Change Dir: /Users/danielmendelsohn/opencv-2.4.10/build/CMakeFiles/CMakeTmp

Run Build Command:"/usr/bin/make" "cmTryCompileExec3983451782/fast"
/usr/bin/make -f CMakeFiles/cmTryCompileExec3983451782.dir/build.make CMakeFiles/cmTryCompileExec3983451782.dir/build
/usr/local/Cellar/cmake/3.1.0/bin/cmake -E cmake_progress_report /Users/danielmendelsohn/opencv-2.4.10/build/CMakeFiles/CMakeTmp/CMakeFiles 1
Building C object CMakeFiles/cmTryCompileExec3983451782.dir/CheckIncludeFile.c.o
/usr/bin/cc   -fsigned-char -W -Wall -Werror=return-type -Werror=address -Werror=sequence-point -Wformat -Werror=format-security -Wmissing-declarations -Wmissing-prototypes -Wstrict-prototypes -Wundef -Winit-self -Wpointer-arith -Wshadow -fdiagnostics-show-option -Wno-long-long -pthread -fomit-frame-pointer -msse -msse2 -msse3  -O3 -DNDEBUG   -o CMakeFiles/cmTryCompileExec3983451782.dir/CheckIncludeFile.c.o   -c /Users/danielmendelsohn/opencv-2.4.10/build/CMakeFiles/CMakeTmp/CheckIncludeFile.c
Linking C executable cmTryCompileExec3983451782
/usr/local/Cellar/cmake/3.1.0/bin/cmake -E cmake_link_script CMakeFiles/cmTryCompileExec3983451782.dir/link.txt --verbose=1
/usr/bin/cc     -fsigned-char -W -Wall -Werror=return-type -Werror=address -Werror=sequence-point -Wformat -Werror=format-security -Wmissing-declarations -Wmissing-prototypes -Wstrict-prototypes -Wundef -Winit-self -Wpointer-arith -Wshadow -fdiagnostics-show-option -Wno-long-long -pthread -fomit-frame-pointer -msse -msse2 -msse3  -O3 -DNDEBUG -Wl,-search_paths_first -Wl,-headerpad_max_install_names  CMakeFiles/cmTryCompileExec3983451782.dir/CheckIncludeFile.c.o  -o cmTryCompileExec3983451782  


Determining if the include file semaphore.h exists passed with the following output:
Change Dir: /Users/danielmendelsohn/opencv-2.4.10/build/CMakeFiles/CMakeTmp

Run Build Command:"/usr/bin/make" "cmTryCompileExec2198730451/fast"
/usr/bin/make -f CMakeFiles/cmTryCompileExec2198730451.dir/build.make CMakeFiles/cmTryCompileExec2198730451.dir/build
/usr/local/Cellar/cmake/3.1.0/bin/cmake -E cmake_progress_report /Users/danielmendelsohn/opencv-2.4.10/build/CMakeFiles/CMakeTmp/CMakeFiles 1
Building C object CMakeFiles/cmTryCompileExec2198730451.dir/CheckIncludeFile.c.o
/usr/bin/cc   -fsigned-char -W -Wall -Werror=return-type -Werror=address -Werror=sequence-point -Wformat -Werror=format-security -Wmissing-declarations -Wmissing-prototypes -Wstrict-prototypes -Wundef -Winit-self -Wpointer-arith -Wshadow -fdiagnostics-show-option -Wno-long-long -pthread -fomit-frame-pointer -msse -msse2 -msse3  -O3 -DNDEBUG   -o CMakeFiles/cmTryCompileExec2198730451.dir/CheckIncludeFile.c.o   -c /Users/danielmendelsohn/opencv-2.4.10/build/CMakeFiles/CMakeTmp/CheckIncludeFile.c
Linking C executable cmTryCompileExec2198730451
/usr/local/Cellar/cmake/3.1.0/bin/cmake -E cmake_link_script CMakeFiles/cmTryCompileExec2198730451.dir/link.txt --verbose=1
/usr/bin/cc     -fsigned-char -W -Wall -Werror=return-type -Werror=address -Werror=sequence-point -Wformat -Werror=format-security -Wmissing-declarations -Wmissing-prototypes -Wstrict-prototypes -Wundef -Winit-self -Wpointer-arith -Wshadow -fdiagnostics-show-option -Wno-long-long -pthread -fomit-frame-pointer -msse -msse2 -msse3  -O3 -DNDEBUG -Wl,-search_paths_first -Wl,-headerpad_max_install_names  CMakeFiles/cmTryCompileExec2198730451.dir/CheckIncludeFile.c.o  -o cmTryCompileExec2198730451  


